[0.000000] (-) TimerEvent: {}
[0.007931] (ros_app) JobQueued: {'identifier': 'ros_app', 'dependencies': OrderedDict()}
[0.007978] (ros_app) JobStarted: {'identifier': 'ros_app'}
[0.041783] (ros_app) JobProgress: {'identifier': 'ros_app', 'progress': 'cmake'}
[0.041838] (ros_app) JobProgress: {'identifier': 'ros_app', 'progress': 'build'}
[0.041867] (ros_app) Command: {'cmd': ['/usr/bin/cmake', '--build', '/home/yupopoi/ROS-App/build/ros_app', '--', '-j2', '-l2'], 'cwd': '/home/yupopoi/ROS-App/build/ros_app', 'env': OrderedDict([('GJS_DEBUG_TOPICS', 'JS ERROR;JS LOG'), ('USER', 'yupopoi'), ('XDG_SESSION_TYPE', 'wayland'), ('LD_LIBRARY_PATH', '/opt/ros/humble/opt/rviz_ogre_vendor/lib:/opt/ros/humble/lib/x86_64-linux-gnu:/opt/ros/humble/lib'), ('SHLVL', '136'), ('HOME', '/home/yupopoi'), ('DESKTOP_SESSION', 'ubuntu'), ('QTDIR', '/home/yupopoi/Qt/6.7.2/gcc_64'), ('GIO_LAUNCHED_DESKTOP_FILE', '/home/yupopoi/.local/share/applications/org.qt-project.qtcreator.desktop'), ('GNOME_SHELL_SESSION_MODE', 'ubuntu'), ('GTK_MODULES', 'gail:atk-bridge'), ('ROS_PYTHON_VERSION', '3'), ('MANAGERPID', '1002'), ('DBUS_SESSION_BUS_ADDRESS', 'unix:path'), ('SYSTEMD_EXEC_PID', '1194'), ('GIO_LAUNCHED_DESKTOP_FILE_PID', '12401'), ('COLCON_PREFIX_PATH', '/home/yupopoi/ROS-App/install'), ('IM_CONFIG_PHASE', '1'), ('ROS_DISTRO', 'humble'), ('WAYLAND_DISPLAY', 'wayland-0'), ('LOGNAME', 'yupopoi'), ('JOURNAL_STREAM', '8:32944'), ('_', '/usr/bin/env'), ('ROS_VERSION', '2'), ('XDG_SESSION_CLASS', 'user'), ('QSG_RHI_BACKEND', 'opengl'), ('TERM', 'xterm'), ('USERNAME', 'yupopoi'), ('GNOME_DESKTOP_SESSION_ID', 'this-is-deprecated'), ('ROS_LOCALHOST_ONLY', '0'), ('PATH', '/opt/ros/humble/bin:/usr/local/sbin:/usr/local/bin:/usr/sbin:/usr/bin:/sbin:/bin:/usr/games:/usr/local/games:/snap/bin:/snap/bin'), ('INVOCATION_ID', 'c789fe05f65749fd90d72feeaf56253e'), ('SESSION_MANAGER', 'local/yupopoi-u2:@/tmp/.ICE-unix/1171,unix/yupopoi-u2:/tmp/.ICE-unix/1171'), ('GNOME_SETUP_DISPLAY', ':1'), ('XDG_MENU_PREFIX', 'gnome-'), ('XDG_RUNTIME_DIR', '/run/user/1000'), ('DISPLAY', ':0'), ('LANG', 'en_US.UTF-8'), ('XDG_CURRENT_DESKTOP', 'ubuntu:GNOME'), ('XAUTHORITY', '/run/user/1000/.mutter-Xwaylandauth.2HUPQ2'), ('XDG_SESSION_DESKTOP', 'ubuntu'), ('XMODIFIERS', '@im'), ('AMENT_PREFIX_PATH', '/home/yupopoi/ROS-App/install/ros_app:/opt/ros/humble'), ('SSH_AGENT_LAUNCHER', 'gnome-keyring'), ('SSH_AUTH_SOCK', '/run/user/1000/keyring/ssh'), ('SHELL', '/bin/bash'), ('GDMSESSION', 'ubuntu'), ('QT_ACCESSIBILITY', '1'), ('GJS_DEBUG_OUTPUT', 'stderr'), ('QT_IM_MODULE', 'ibus'), ('LC_ALL', 'en_US.UTF-8'), ('PWD', '/home/yupopoi/ROS-App/build/ros_app'), ('QT_QPA_PLATFORM', 'xcb'), ('XDG_CONFIG_DIRS', '/etc/xdg/xdg-ubuntu:/etc/xdg'), ('XDG_DATA_DIRS', '/usr/share/ubuntu:/usr/local/share/:/usr/share/:/var/lib/snapd/desktop'), ('PYTHONPATH', '/opt/ros/humble/lib/python3.10/site-packages:/opt/ros/humble/local/lib/python3.10/dist-packages'), ('COLCON', '1'), ('CMAKE_PREFIX_PATH', '/home/yupopoi/ROS-App/install/ros_app:/home/yupopoi/Qt/6.7.2/gcc_64/lib/cmake:/opt/ros/humble'), ('GTK_THEME', ':light')]), 'shell': False}
[0.099972] (-) TimerEvent: {}
[0.200260] (-) TimerEvent: {}
[0.298685] (ros_app) StdoutLine: {'line': b'[ 12%] Automatic MOC and UIC for target MainWindow\n'}
[0.300330] (-) TimerEvent: {}
[0.390156] (ros_app) StdoutLine: {'line': b'[ 12%] Built target MainWindow_autogen\n'}
[0.400428] (-) TimerEvent: {}
[0.500683] (-) TimerEvent: {}
[0.548757] (ros_app) StdoutLine: {'line': b'Consolidate compiler generated dependencies of target MainWindow\n'}
[0.600801] (-) TimerEvent: {}
[0.609412] (ros_app) StdoutLine: {'line': b'[ 25%] Building CXX object CMakeFiles/MainWindow.dir/src/source/JointAngleChanger.cpp.o\n'}
[0.700915] (-) TimerEvent: {}
[0.801210] (-) TimerEvent: {}
[0.901537] (-) TimerEvent: {}
[1.001826] (-) TimerEvent: {}
[1.102116] (-) TimerEvent: {}
[1.202408] (-) TimerEvent: {}
[1.302701] (-) TimerEvent: {}
[1.403000] (-) TimerEvent: {}
[1.503302] (-) TimerEvent: {}
[1.603589] (-) TimerEvent: {}
[1.703914] (-) TimerEvent: {}
[1.804201] (-) TimerEvent: {}
[1.904493] (-) TimerEvent: {}
[2.004842] (-) TimerEvent: {}
[2.105139] (-) TimerEvent: {}
[2.205569] (-) TimerEvent: {}
[2.305859] (-) TimerEvent: {}
[2.406152] (-) TimerEvent: {}
[2.506446] (-) TimerEvent: {}
[2.606785] (-) TimerEvent: {}
[2.707090] (-) TimerEvent: {}
[2.807384] (-) TimerEvent: {}
[2.907689] (-) TimerEvent: {}
[3.008008] (-) TimerEvent: {}
[3.108310] (-) TimerEvent: {}
[3.208613] (-) TimerEvent: {}
[3.308923] (-) TimerEvent: {}
[3.409242] (-) TimerEvent: {}
[3.509543] (-) TimerEvent: {}
[3.609850] (-) TimerEvent: {}
[3.710141] (-) TimerEvent: {}
[3.810422] (-) TimerEvent: {}
[3.910694] (-) TimerEvent: {}
[4.010971] (-) TimerEvent: {}
[4.111251] (-) TimerEvent: {}
[4.211532] (-) TimerEvent: {}
[4.274941] (ros_app) StderrLine: {'line': b'/home/yupopoi/ROS-App/src/ros_app/src/source/JointAngleChanger.cpp: In constructor \xe2\x80\x98JointAngleChanger::JointAngleChanger(QVector<QDoubleSpinBox*>)\xe2\x80\x99:\n'}
[4.275149] (ros_app) StderrLine: {'line': b'/home/yupopoi/ROS-App/src/ros_app/src/source/JointAngleChanger.cpp:15:28: error: capture of non-variable \xe2\x80\x98JointAngleChanger::spinBoxes_\xe2\x80\x99\n'}
[4.275238] (ros_app) StderrLine: {'line': b'   15 |                          [&spinBoxes_[i]](double value)\n'}
[4.275320] (ros_app) StderrLine: {'line': b'      |                            ^~~~~~~~~~\n'}
[4.275398] (ros_app) StderrLine: {'line': b'In file included from /home/yupopoi/ROS-App/src/ros_app/src/source/JointAngleChanger.cpp:1:\n'}
[4.275476] (ros_app) StderrLine: {'line': b'/home/yupopoi/ROS-App/src/ros_app/src/header/JointAngleChanger.h:21:31: note: \xe2\x80\x98QVector<QDoubleSpinBox*> JointAngleChanger::spinBoxes_\xe2\x80\x99 declared here\n'}
[4.275552] (ros_app) StderrLine: {'line': b'   21 |     QVector<QDoubleSpinBox *> spinBoxes_;\n'}
[4.275627] (ros_app) StderrLine: {'line': b'      |                               ^~~~~~~~~~\n'}
[4.275701] (ros_app) StderrLine: {'line': b'/home/yupopoi/ROS-App/src/ros_app/src/source/JointAngleChanger.cpp:15:38: error: expected \xe2\x80\x98,\xe2\x80\x99 before \xe2\x80\x98[\xe2\x80\x99 token\n'}
[4.275784] (ros_app) StderrLine: {'line': b'   15 |                          [&spinBoxes_[i]](double value)\n'}
[4.275881] (ros_app) StderrLine: {'line': b'      |                                      ^\n'}
[4.275955] (ros_app) StderrLine: {'line': b'      |                                      ,\n'}
[4.276028] (ros_app) StderrLine: {'line': b'/home/yupopoi/ROS-App/src/ros_app/src/source/JointAngleChanger.cpp:15:38: error: expected identifier before \xe2\x80\x98[\xe2\x80\x99 token\n'}
[4.276102] (ros_app) StderrLine: {'line': b'/home/yupopoi/ROS-App/src/ros_app/src/source/JointAngleChanger.cpp: In lambda function:\n'}
[4.276175] (ros_app) StderrLine: {'line': b'/home/yupopoi/ROS-App/src/ros_app/src/source/JointAngleChanger.cpp:17:46: error: \xe2\x80\x98i\xe2\x80\x99 is not captured\n'}
[4.276249] (ros_app) StderrLine: {'line': b'   17 |                             onSpinboxChanged(i, value);\n'}
[4.276322] (ros_app) StderrLine: {'line': b'      |                                              ^\n'}
[4.276395] (ros_app) StderrLine: {'line': b'/home/yupopoi/ROS-App/src/ros_app/src/source/JointAngleChanger.cpp:15:41: note: the lambda has no capture-default\n'}
[4.276469] (ros_app) StderrLine: {'line': b'   15 |                          [&spinBoxes_[i]](double value)\n'}
[4.276542] (ros_app) StderrLine: {'line': b'      |                                         ^\n'}
[4.276615] (ros_app) StderrLine: {'line': b'/home/yupopoi/ROS-App/src/ros_app/src/source/JointAngleChanger.cpp:7:13: note: \xe2\x80\x98int i\xe2\x80\x99 declared here\n'}
[4.276689] (ros_app) StderrLine: {'line': b'    7 |     for(int i = 0; i < spinBoxes.size(); i++)\n'}
[4.276762] (ros_app) StderrLine: {'line': b'      |             ^\n'}
[4.311629] (-) TimerEvent: {}
[4.413149] (-) TimerEvent: {}
[4.513478] (-) TimerEvent: {}
[4.595671] (ros_app) StderrLine: {'line': b'gmake[2]: *** [CMakeFiles/MainWindow.dir/build.make:123: CMakeFiles/MainWindow.dir/src/source/JointAngleChanger.cpp.o] Error 1\n'}
[4.608156] (ros_app) StderrLine: {'line': b'gmake[1]: *** [CMakeFiles/Makefile2:138: CMakeFiles/MainWindow.dir/all] Error 2\n'}
[4.608314] (ros_app) StderrLine: {'line': b'gmake: *** [Makefile:146: all] Error 2\n'}
[4.608402] (ros_app) CommandEnded: {'returncode': 2}
[4.613547] (-) TimerEvent: {}
[4.713783] (-) TimerEvent: {}
[4.814049] (-) TimerEvent: {}
[4.914302] (-) TimerEvent: {}
[4.984216] (ros_app) JobEnded: {'identifier': 'ros_app', 'rc': 2}
[4.985005] (-) EventReactorShutdown: {}
